[2025-06-09T08:51:10.451+0000] {manager.py:470} INFO - Processing files using up to 2 processes at a time 
[2025-06-09T08:51:10.464+0000] {manager.py:471} INFO - Process each file at most once every 30 seconds
[2025-06-09T08:51:10.466+0000] {manager.py:472} INFO - Checking for new files in /opt/airflow/dags every 300 seconds
[2025-06-09T08:51:10.475+0000] {manager.py:737} INFO - Searching for files in /opt/airflow/dags
[2025-06-09T08:51:10.561+0000] {manager.py:740} INFO - There are 1 files in /opt/airflow/dags
[2025-06-09T08:51:12.821+0000] {manager.py:878} INFO - 
================================================================================
DAG File Processing Stats

File Path                    PID  Runtime      # DAGs    # Errors  Last Runtime    Last Run
-------------------------  -----  ---------  --------  ----------  --------------  ----------
/opt/airflow/dags/main.py    193  0.26s             0           0
================================================================================
[2025-06-09T08:51:44.333+0000] {manager.py:878} INFO - 
================================================================================
DAG File Processing Stats

File Path                    PID  Runtime      # DAGs    # Errors  Last Runtime    Last Run
-------------------------  -----  ---------  --------  ----------  --------------  ----------
/opt/airflow/dags/main.py    193  31.78s            0           0
================================================================================
[2025-06-09T08:51:46.005+0000] {manager.py:1016} ERROR - Processor for /opt/airflow/dags/main.py exited with return code 1.
[2025-06-09T08:52:15.346+0000] {manager.py:878} INFO - 
================================================================================
DAG File Processing Stats

File Path                  PID    Runtime      # DAGs    # Errors  Last Runtime    Last Run
-------------------------  -----  ---------  --------  ----------  --------------  -------------------
/opt/airflow/dags/main.py                           0          -1  33.46s          2025-06-09T08:51:46
================================================================================
[2025-06-09T08:52:46.408+0000] {manager.py:878} INFO - 
================================================================================
DAG File Processing Stats

File Path                  PID    Runtime      # DAGs    # Errors  Last Runtime    Last Run
-------------------------  -----  ---------  --------  ----------  --------------  -------------------
/opt/airflow/dags/main.py                           1           0  7.59s           2025-06-09T08:52:24
================================================================================
[2025-06-09T08:53:17.401+0000] {manager.py:878} INFO - 
================================================================================
DAG File Processing Stats

File Path                  PID    Runtime      # DAGs    # Errors  Last Runtime    Last Run
-------------------------  -----  ---------  --------  ----------  --------------  -------------------
/opt/airflow/dags/main.py                           1           0  5.30s           2025-06-09T08:52:59
================================================================================
[2025-06-09T08:53:48.298+0000] {manager.py:878} INFO - 
================================================================================
DAG File Processing Stats

File Path                  PID    Runtime      # DAGs    # Errors  Last Runtime    Last Run
-------------------------  -----  ---------  --------  ----------  --------------  -------------------
/opt/airflow/dags/main.py                           1           0  4.90s           2025-06-09T08:53:35
================================================================================
[2025-06-09T08:54:19.680+0000] {manager.py:878} INFO - 
================================================================================
DAG File Processing Stats

File Path                  PID    Runtime      # DAGs    # Errors  Last Runtime    Last Run
-------------------------  -----  ---------  --------  ----------  --------------  -------------------
/opt/airflow/dags/main.py                           1           0  4.98s           2025-06-09T08:54:10
================================================================================
[2025-06-09T08:54:50.833+0000] {manager.py:878} INFO - 
================================================================================
DAG File Processing Stats

File Path                  PID    Runtime      # DAGs    # Errors  Last Runtime    Last Run
-------------------------  -----  ---------  --------  ----------  --------------  -------------------
/opt/airflow/dags/main.py                           1           0  5.58s           2025-06-09T08:54:47
================================================================================
[2025-06-09T08:55:21.850+0000] {manager.py:878} INFO - 
================================================================================
DAG File Processing Stats

File Path                    PID  Runtime      # DAGs    # Errors  Last Runtime    Last Run
-------------------------  -----  ---------  --------  ----------  --------------  -------------------
/opt/airflow/dags/main.py    312  4.03s             1           0  5.58s           2025-06-09T08:54:47
================================================================================
[2025-06-09T08:55:53.211+0000] {manager.py:878} INFO - 
================================================================================
DAG File Processing Stats

File Path                    PID  Runtime      # DAGs    # Errors  Last Runtime    Last Run
-------------------------  -----  ---------  --------  ----------  --------------  -------------------
/opt/airflow/dags/main.py    330  0.01s             1           0  4.80s           2025-06-09T08:55:22
================================================================================
[2025-06-09T08:56:11.071+0000] {manager.py:737} INFO - Searching for files in /opt/airflow/dags
[2025-06-09T08:56:11.107+0000] {manager.py:740} INFO - There are 1 files in /opt/airflow/dags
[2025-06-09T08:56:24.682+0000] {manager.py:878} INFO - 
================================================================================
DAG File Processing Stats

File Path                  PID    Runtime      # DAGs    # Errors  Last Runtime    Last Run
-------------------------  -----  ---------  --------  ----------  --------------  -------------------
/opt/airflow/dags/main.py                           1           0  5.49s           2025-06-09T08:55:58
================================================================================
[2025-06-09T08:56:55.779+0000] {manager.py:878} INFO - 
================================================================================
DAG File Processing Stats

File Path                  PID    Runtime      # DAGs    # Errors  Last Runtime    Last Run
-------------------------  -----  ---------  --------  ----------  --------------  -------------------
/opt/airflow/dags/main.py                           1           0  4.35s           2025-06-09T08:56:33
================================================================================
[2025-06-09T08:57:27.089+0000] {manager.py:878} INFO - 
================================================================================
DAG File Processing Stats

File Path                  PID    Runtime      # DAGs    # Errors  Last Runtime    Last Run
-------------------------  -----  ---------  --------  ----------  --------------  -------------------
/opt/airflow/dags/main.py                           1           0  4.33s           2025-06-09T08:57:08
================================================================================
[2025-06-09T08:57:58.132+0000] {manager.py:878} INFO - 
================================================================================
DAG File Processing Stats

File Path                  PID    Runtime      # DAGs    # Errors  Last Runtime    Last Run
-------------------------  -----  ---------  --------  ----------  --------------  -------------------
/opt/airflow/dags/main.py                           1           0  5.86s           2025-06-09T08:57:45
================================================================================
[2025-06-09T08:58:29.191+0000] {manager.py:878} INFO - 
================================================================================
DAG File Processing Stats

File Path                  PID    Runtime      # DAGs    # Errors  Last Runtime    Last Run
-------------------------  -----  ---------  --------  ----------  --------------  -------------------
/opt/airflow/dags/main.py                           1           0  4.58s           2025-06-09T08:58:20
================================================================================
[2025-06-09T08:59:00.781+0000] {manager.py:878} INFO - 
================================================================================
DAG File Processing Stats

File Path                  PID    Runtime      # DAGs    # Errors  Last Runtime    Last Run
-------------------------  -----  ---------  --------  ----------  --------------  -------------------
/opt/airflow/dags/main.py                           1           0  6.09s           2025-06-09T08:58:56
================================================================================
[2025-06-09T08:59:31.791+0000] {manager.py:878} INFO - 
================================================================================
DAG File Processing Stats

File Path                    PID  Runtime      # DAGs    # Errors  Last Runtime    Last Run
-------------------------  -----  ---------  --------  ----------  --------------  -------------------
/opt/airflow/dags/main.py    445  4.04s             1           0  6.09s           2025-06-09T08:58:56
================================================================================
[2025-06-09T09:00:02.627+0000] {manager.py:878} INFO - 
================================================================================
DAG File Processing Stats

File Path                  PID    Runtime      # DAGs    # Errors  Last Runtime    Last Run
-------------------------  -----  ---------  --------  ----------  --------------  -------------------
/opt/airflow/dags/main.py                           1           0  4.90s           2025-06-09T08:59:32
================================================================================
[2025-06-09T09:00:33.704+0000] {manager.py:878} INFO - 
================================================================================
DAG File Processing Stats

File Path                  PID    Runtime      # DAGs    # Errors  Last Runtime    Last Run
-------------------------  -----  ---------  --------  ----------  --------------  -------------------
/opt/airflow/dags/main.py                           1           0  5.95s           2025-06-09T09:00:08
================================================================================
[2025-06-09T09:01:04.729+0000] {manager.py:878} INFO - 
================================================================================
DAG File Processing Stats

File Path                  PID    Runtime      # DAGs    # Errors  Last Runtime    Last Run
-------------------------  -----  ---------  --------  ----------  --------------  -------------------
/opt/airflow/dags/main.py                           1           0  4.49s           2025-06-09T09:00:43
================================================================================
[2025-06-09T09:01:11.242+0000] {manager.py:737} INFO - Searching for files in /opt/airflow/dags
[2025-06-09T09:01:11.266+0000] {manager.py:740} INFO - There are 1 files in /opt/airflow/dags
[2025-06-09T09:01:36.255+0000] {manager.py:878} INFO - 
================================================================================
DAG File Processing Stats

File Path                  PID    Runtime      # DAGs    # Errors  Last Runtime    Last Run
-------------------------  -----  ---------  --------  ----------  --------------  -------------------
/opt/airflow/dags/main.py                           1           0  5.58s           2025-06-09T09:01:18
================================================================================
[2025-06-09T09:02:07.459+0000] {manager.py:878} INFO - 
================================================================================
DAG File Processing Stats

File Path                  PID    Runtime      # DAGs    # Errors  Last Runtime    Last Run
-------------------------  -----  ---------  --------  ----------  --------------  -------------------
/opt/airflow/dags/main.py                           1           0  5.70s           2025-06-09T09:01:55
================================================================================
[2025-06-09T09:02:38.429+0000] {manager.py:878} INFO - 
================================================================================
DAG File Processing Stats

File Path                  PID    Runtime      # DAGs    # Errors  Last Runtime    Last Run
-------------------------  -----  ---------  --------  ----------  --------------  -------------------
/opt/airflow/dags/main.py                           1           0  4.99s           2025-06-09T09:02:31
================================================================================
[2025-06-09T09:03:09.453+0000] {manager.py:878} INFO - 
================================================================================
DAG File Processing Stats

File Path                  PID    Runtime      # DAGs    # Errors  Last Runtime    Last Run
-------------------------  -----  ---------  --------  ----------  --------------  -------------------
/opt/airflow/dags/main.py                           1           0  6.20s           2025-06-09T09:03:08
================================================================================
[2025-06-09T09:03:40.479+0000] {manager.py:878} INFO - 
================================================================================
DAG File Processing Stats

File Path                    PID  Runtime      # DAGs    # Errors  Last Runtime    Last Run
-------------------------  -----  ---------  --------  ----------  --------------  -------------------
/opt/airflow/dags/main.py    577  1.02s             1           0  6.20s           2025-06-09T09:03:08
================================================================================
[2025-06-09T09:04:11.548+0000] {manager.py:878} INFO - 
================================================================================
DAG File Processing Stats

File Path                  PID    Runtime      # DAGs    # Errors  Last Runtime    Last Run
-------------------------  -----  ---------  --------  ----------  --------------  -------------------
/opt/airflow/dags/main.py                           1           0  4.63s           2025-06-09T09:03:44
================================================================================
[2025-06-09T09:04:42.571+0000] {manager.py:878} INFO - 
================================================================================
DAG File Processing Stats

File Path                  PID    Runtime      # DAGs    # Errors  Last Runtime    Last Run
-------------------------  -----  ---------  --------  ----------  --------------  -------------------
/opt/airflow/dags/main.py                           1           0  5.15s           2025-06-09T09:04:19
================================================================================
[2025-06-09T09:05:13.834+0000] {manager.py:878} INFO - 
================================================================================
DAG File Processing Stats

File Path                    PID  Runtime      # DAGs    # Errors  Last Runtime    Last Run
-------------------------  -----  ---------  --------  ----------  --------------  -------------------
/opt/airflow/dags/main.py    613  24.02s            1           0  5.15s           2025-06-09T09:04:19
================================================================================
[2025-06-09T09:05:20.981+0000] {manager.py:1016} ERROR - Processor for /opt/airflow/dags/main.py exited with return code 1.
[2025-06-09T09:05:45.006+0000] {manager.py:878} INFO - 
================================================================================
DAG File Processing Stats

File Path                  PID    Runtime      # DAGs    # Errors  Last Runtime    Last Run
-------------------------  -----  ---------  --------  ----------  --------------  -------------------
/opt/airflow/dags/main.py                           0          -1  31.18s          2025-06-09T09:05:20
================================================================================
[2025-06-09T09:06:11.549+0000] {manager.py:737} INFO - Searching for files in /opt/airflow/dags
[2025-06-09T09:06:11.581+0000] {manager.py:740} INFO - There are 1 files in /opt/airflow/dags
[2025-06-09T09:06:16.890+0000] {manager.py:878} INFO - 
================================================================================
DAG File Processing Stats

File Path                  PID    Runtime      # DAGs    # Errors  Last Runtime    Last Run
-------------------------  -----  ---------  --------  ----------  --------------  -------------------
/opt/airflow/dags/main.py                           1           0  16.26s          2025-06-09T09:06:07
================================================================================
[2025-06-09T09:06:48.062+0000] {manager.py:878} INFO - 
================================================================================
DAG File Processing Stats

File Path                    PID  Runtime      # DAGs    # Errors  Last Runtime    Last Run
-------------------------  -----  ---------  --------  ----------  --------------  -------------------
/opt/airflow/dags/main.py    662  9.52s             1           0  16.26s          2025-06-09T09:06:07
================================================================================
[2025-06-09T09:07:19.460+0000] {manager.py:878} INFO - 
================================================================================
DAG File Processing Stats

File Path                  PID    Runtime      # DAGs    # Errors  Last Runtime    Last Run
-------------------------  -----  ---------  --------  ----------  --------------  -------------------
/opt/airflow/dags/main.py                           1           0  21.61s          2025-06-09T09:07:00
================================================================================
[2025-06-09T09:07:50.834+0000] {manager.py:878} INFO - 
================================================================================
DAG File Processing Stats

File Path                  PID    Runtime      # DAGs    # Errors  Last Runtime    Last Run
-------------------------  -----  ---------  --------  ----------  --------------  -------------------
/opt/airflow/dags/main.py                           1           0  13.12s          2025-06-09T09:07:43
================================================================================
[2025-06-09T09:08:22.459+0000] {manager.py:878} INFO - 
================================================================================
DAG File Processing Stats

File Path                    PID  Runtime      # DAGs    # Errors  Last Runtime    Last Run
-------------------------  -----  ---------  --------  ----------  --------------  -------------------
/opt/airflow/dags/main.py    704  8.27s             1           0  13.12s          2025-06-09T09:07:43
================================================================================
[2025-06-09T09:08:53.696+0000] {manager.py:878} INFO - 
================================================================================
DAG File Processing Stats

File Path                  PID    Runtime      # DAGs    # Errors  Last Runtime    Last Run
-------------------------  -----  ---------  --------  ----------  --------------  -------------------
/opt/airflow/dags/main.py                           1           0  14.48s          2025-06-09T09:08:28
================================================================================
[2025-06-09T09:09:24.945+0000] {manager.py:878} INFO - 
================================================================================
DAG File Processing Stats

File Path                  PID    Runtime      # DAGs    # Errors  Last Runtime    Last Run
-------------------------  -----  ---------  --------  ----------  --------------  -------------------
/opt/airflow/dags/main.py                           1           0  11.86s          2025-06-09T09:09:10
================================================================================
[2025-06-09T09:09:57.152+0000] {manager.py:878} INFO - 
================================================================================
DAG File Processing Stats

File Path                    PID  Runtime      # DAGs    # Errors  Last Runtime    Last Run
-------------------------  -----  ---------  --------  ----------  --------------  -------------------
/opt/airflow/dags/main.py    740  16.05s            1           0  11.86s          2025-06-09T09:09:10
================================================================================
[2025-06-09T09:10:12.167+0000] {manager.py:1016} ERROR - Processor for /opt/airflow/dags/main.py exited with return code 1.
[2025-06-09T09:10:28.884+0000] {manager.py:878} INFO - 
================================================================================
DAG File Processing Stats

File Path                  PID    Runtime      # DAGs    # Errors  Last Runtime    Last Run
-------------------------  -----  ---------  --------  ----------  --------------  -------------------
/opt/airflow/dags/main.py                           0          -1  31.23s          2025-06-09T09:10:12
================================================================================
[2025-06-09T09:11:00.455+0000] {manager.py:878} INFO - 
================================================================================
DAG File Processing Stats

File Path                    PID  Runtime      # DAGs    # Errors  Last Runtime    Last Run
-------------------------  -----  ---------  --------  ----------  --------------  -------------------
/opt/airflow/dags/main.py    764  17.39s            0          -1  31.23s          2025-06-09T09:10:12
================================================================================
[2025-06-09T09:11:11.592+0000] {manager.py:737} INFO - Searching for files in /opt/airflow/dags
[2025-06-09T09:11:11.645+0000] {manager.py:740} INFO - There are 1 files in /opt/airflow/dags
[2025-06-09T09:11:21.033+0000] {manager.py:452} INFO - Exiting gracefully upon receiving signal 15
